<?xml version="1.0" encoding="UTF-8"?>
<!-- Generated by org.testng.reporters.JUnitXMLReporter -->
<testsuite ignored="0" hostname="Tsales-p014" failures="0" tests="3" name="Default test" time="4.643" errors="0" timestamp="2023-10-23T11:37:03 EET">
  <testcase classname="magentoLab.MagntoClass" name="myFirstTest" time="0.36"/>
  <testcase classname="magentoLab.MagntoClass" name="myFirstTest" time="0.313"/>
  <testcase classname="magentoLab.MagntoClass" name="myFirstTest" time="0.346"/>
</testsuite> <!-- Default test -->
